<?xml version="1.0" encoding="UTF-8"?>
<!-- Generated by org.testng.reporters.JUnitReportReporter -->
<testsuite hostname="DESKTOP-I7A3701" failures="0" tests="1" name="Basuc.LaunchBrowser" time="10.313" errors="0" timestamp="2024-02-04T10:59:30 IST" skipped="0">
  <testcase classname="Basuc.LaunchBrowser" name="Launchbrowser" time="10.313"/>
</testsuite> <!-- Basuc.LaunchBrowser -->
