<?xml version="1.0" encoding="UTF-8"?>
<!-- Generated by org.testng.reporters.JUnitReportReporter -->
<testsuite hostname="DESKTOP-I7A3701" failures="0" tests="4" name="DataDriven.Automate_Excel_Data" time="14.217" errors="0" timestamp="2024-02-05T22:19:29 IST" skipped="0">
  <testcase classname="DataDriven.Automate_Excel_Data" name="testCase" time="3.614"/>
  <testcase classname="DataDriven.Automate_Excel_Data" name="testCase" time="3.634"/>
  <testcase classname="DataDriven.Automate_Excel_Data" name="testCase" time="3.831"/>
  <testcase classname="DataDriven.Automate_Excel_Data" name="testCase" time="3.138"/>
  <system-out>
    <![CDATA[Browser Launched
User Login
User Logout
User Login
User Logout
User Login
User Logout
User Login
User Logout
Browser Closed]]>
  </system-out>
</testsuite> <!-- DataDriven.Automate_Excel_Data -->
